\BOOKMARK [1][-]{section.1}{\376\377\000I\000n\000t\000r\000o\000d\000u\000c\000c\000i\000\363\000n}{}% 1
\BOOKMARK [1][-]{section.2}{\376\377\000C\000o\000n\000c\000e\000p\000t\000o\000s\000\040\000F\000u\000n\000d\000a\000m\000e\000n\000t\000a\000l\000e\000s}{}% 2
\BOOKMARK [2][-]{subsection.2.1}{\376\377\000\277\000Q\000u\000\351\000\040\000e\000s\000\040\000l\000a\000\040\000A\000r\000q\000u\000i\000t\000e\000c\000t\000u\000r\000a\000\040\000d\000e\000\040\000I\000s\000l\000a\000s\000?}{section.2}% 3
\BOOKMARK [2][-]{subsection.2.2}{\376\377\000C\000o\000m\000p\000o\000n\000e\000n\000t\000e\000s\000\040\000E\000s\000t\000\341\000t\000i\000c\000o\000s\000\040\000v\000s\000.\000\040\000I\000n\000t\000e\000r\000a\000c\000t\000i\000v\000o\000s}{section.2}% 4
\BOOKMARK [1][-]{section.3}{\376\377\000E\000s\000t\000r\000u\000c\000t\000u\000r\000a\000\040\000d\000e\000l\000\040\000P\000r\000o\000y\000e\000c\000t\000o}{}% 5
\BOOKMARK [2][-]{subsection.3.1}{\376\377\000O\000r\000g\000a\000n\000i\000z\000a\000c\000i\000\363\000n\000\040\000d\000e\000\040\000A\000r\000c\000h\000i\000v\000o\000s}{section.3}% 6
\BOOKMARK [2][-]{subsection.3.2}{\376\377\000P\000r\000o\000p\000\363\000s\000i\000t\000o\000\040\000d\000e\000\040\000C\000a\000d\000a\000\040\000C\000a\000r\000p\000e\000t\000a}{section.3}% 7
\BOOKMARK [1][-]{section.4}{\376\377\000C\000o\000m\000p\000o\000n\000e\000n\000t\000e\000s\000\040\000P\000r\000i\000n\000c\000i\000p\000a\000l\000e\000s}{}% 8
\BOOKMARK [2][-]{subsection.4.1}{\376\377\000D\000a\000s\000h\000b\000o\000a\000r\000d\000L\000a\000y\000o\000u\000t\000:\000\040\000U\000n\000\040\000C\000l\000i\000e\000n\000t\000\040\000I\000s\000l\000a\000n\000d}{section.4}% 9
\BOOKMARK [2][-]{subsection.4.2}{\376\377\000P\000r\000o\000j\000e\000c\000t\000C\000a\000r\000d\000:\000\040\000C\000o\000m\000p\000o\000n\000e\000n\000t\000e\000\040\000E\000s\000t\000\341\000t\000i\000c\000o}{section.4}% 10
\BOOKMARK [2][-]{subsection.4.3}{\376\377\000P\000r\000o\000j\000e\000c\000t\000F\000i\000l\000t\000e\000r\000:\000\040\000C\000l\000i\000e\000n\000t\000\040\000I\000s\000l\000a\000n\000d\000\040\000c\000o\000n\000\040\000c\000l\000i\000e\000n\000t\000:\000i\000d\000l\000e}{section.4}% 11
\BOOKMARK [1][-]{section.5}{\376\377\000D\000a\000t\000o\000s\000\040\000y\000\040\000E\000s\000t\000a\000d\000o}{}% 12
\BOOKMARK [2][-]{subsection.5.1}{\376\377\000M\000o\000c\000k\000\040\000D\000a\000t\000a}{section.5}% 13
\BOOKMARK [2][-]{subsection.5.2}{\376\377\000G\000e\000s\000t\000i\000\363\000n\000\040\000d\000e\000\040\000E\000s\000t\000a\000d\000o}{section.5}% 14
\BOOKMARK [1][-]{section.6}{\376\377\000E\000s\000t\000i\000l\000o\000s\000\040\000c\000o\000n\000\040\000T\000a\000i\000l\000w\000i\000n\000d\000\040\000C\000S\000S}{}% 15
\BOOKMARK [1][-]{section.7}{\376\377\000M\000e\000j\000o\000r\000e\000s\000\040\000P\000r\000\341\000c\000t\000i\000c\000a\000s}{}% 16
\BOOKMARK [2][-]{subsection.7.1}{\376\377\000C\000u\000\341\000n\000d\000o\000\040\000U\000s\000a\000r\000\040\000C\000o\000m\000p\000o\000n\000e\000n\000t\000e\000s\000\040\000E\000s\000t\000\341\000t\000i\000c\000o\000s}{section.7}% 17
\BOOKMARK [2][-]{subsection.7.2}{\376\377\000C\000u\000\341\000n\000d\000o\000\040\000U\000s\000a\000r\000\040\000C\000l\000i\000e\000n\000t\000\040\000I\000s\000l\000a\000n\000d\000s}{section.7}% 18
\BOOKMARK [2][-]{subsection.7.3}{\376\377\000E\000l\000e\000g\000i\000r\000\040\000l\000a\000\040\000D\000i\000r\000e\000c\000t\000i\000v\000a\000\040\000C\000o\000r\000r\000e\000c\000t\000a}{section.7}% 19
\BOOKMARK [1][-]{section.8}{\376\377\000F\000l\000u\000j\000o\000\040\000d\000e\000\040\000D\000e\000s\000a\000r\000r\000o\000l\000l\000o}{}% 20
\BOOKMARK [2][-]{subsection.8.1}{\376\377\000P\000a\000s\000o\000\040\0001\000:\000\040\000C\000r\000e\000a\000r\000\040\000u\000n\000\040\000C\000o\000m\000p\000o\000n\000e\000n\000t\000e\000\040\000E\000s\000t\000\341\000t\000i\000c\000o}{section.8}% 21
\BOOKMARK [2][-]{subsection.8.2}{\376\377\000P\000a\000s\000o\000\040\0002\000:\000\040\000A\000g\000r\000e\000g\000a\000r\000\040\000I\000n\000t\000e\000r\000a\000c\000t\000i\000v\000i\000d\000a\000d\000\040\000s\000i\000\040\000e\000s\000\040\000N\000e\000c\000e\000s\000a\000r\000i\000a}{section.8}% 22
\BOOKMARK [2][-]{subsection.8.3}{\376\377\000P\000a\000s\000o\000\040\0003\000:\000\040\000U\000s\000a\000r\000\040\000e\000n\000\040\000l\000a\000\040\000P\000\341\000g\000i\000n\000a}{section.8}% 23
\BOOKMARK [1][-]{section.9}{\376\377\000D\000e\000b\000u\000g\000g\000i\000n\000g\000\040\000y\000\040\000T\000r\000o\000u\000b\000l\000e\000s\000h\000o\000o\000t\000i\000n\000g}{}% 24
\BOOKMARK [2][-]{subsection.9.1}{\376\377\000E\000l\000\040\000C\000o\000m\000p\000o\000n\000e\000n\000t\000e\000\040\000n\000o\000\040\000e\000s\000\040\000I\000n\000t\000e\000r\000a\000c\000t\000i\000v\000o}{section.9}% 25
\BOOKMARK [2][-]{subsection.9.2}{\376\377\000D\000e\000m\000a\000s\000i\000a\000d\000o\000\040\000J\000a\000v\000a\000S\000c\000r\000i\000p\000t}{section.9}% 26
\BOOKMARK [2][-]{subsection.9.3}{\376\377\000E\000r\000r\000o\000r\000e\000s\000\040\000d\000e\000\040\000H\000i\000d\000r\000a\000t\000a\000c\000i\000\363\000n}{section.9}% 27
\BOOKMARK [1][-]{section.10}{\376\377\000P\000r\000\363\000x\000i\000m\000o\000s\000\040\000P\000a\000s\000o\000s}{}% 28
\BOOKMARK [2][-]{subsection.10.1}{\376\377\000M\000e\000j\000o\000r\000a\000r\000\040\000l\000a\000\040\000A\000p\000l\000i\000c\000a\000c\000i\000\363\000n}{section.10}% 29
\BOOKMARK [2][-]{subsection.10.2}{\376\377\000A\000p\000r\000e\000n\000d\000e\000r\000\040\000M\000\341\000s}{section.10}% 30
\BOOKMARK [1][-]{section.11}{\376\377\000C\000o\000n\000c\000l\000u\000s\000i\000\363\000n}{}% 31
